feature_mlmodel/build/intermediates/manifest_merge_blame_file/fossDebug/processFossDebugMainManifest/manifest-merger-blame-foss-debug-report.txt
1<?xml version="1.0" encoding="utf-8"?>
2<manifest xmlns:android="http://schemas.android.com/apk/res/android"
3    xmlns:dist="http://schemas.android.com/apk/distribution"
4    featureSplit="feature_mlmodel"
5    package="com.hereliesaz.cuedetat.foss"
6    android:versionCode="561"
7    android:versionName="1.10.3.561-foss" >
8
9    <uses-sdk
9-->INJECTED
10        android:minSdkVersion="29"
10-->INJECTED
11        android:targetSdkVersion="37" />
11-->INJECTED
12
13    <!--
14      On-demand delivery: the model split is NOT installed with the base app.
15      The base requests it at runtime via SplitInstallManager (ModelModuleManager)
16      the first time ML detection is needed.
17
18      dist:fusing include="true" keeps the module available in fused/standalone
19      APKs (universal APK / bundletool standalone) so non-Play distributions of
20      the bundle still contain the model.
21    -->
22    <dist:module
22-->src\main\AndroidManifest.xml:14:5-21:19
23        dist:instant="false"
23-->src\main\AndroidManifest.xml:15:9-29
24        dist:title="@string/mlmodel_feature_title" >
24-->src\main\AndroidManifest.xml:16:9-51
25        <dist:delivery>
25-->src\main\AndroidManifest.xml:17:9-19:25
26            <dist:on-demand />
26-->src\main\AndroidManifest.xml:18:13-31
27        </dist:delivery>
28
29        <dist:fusing dist:include="true" />
29-->src\main\AndroidManifest.xml:20:9-44
29-->src\main\AndroidManifest.xml:20:22-41
30    </dist:module>
31
32    <application
32-->src\main\AndroidManifest.xml:23:5-20
33        android:debuggable="true"
34        android:extractNativeLibs="false" />
34-->INJECTED
35
36</manifest>